--------
/home/rodrigo/Documentos/UFABC/Iniciação Científica/PIC - 01.2014/Kavosh/Kavosh/Kavosh.Err
Wed May 20 13:28:59 2015
Execution stopped: (0<=ValN)&&(ValN<Vals) [Reason:'Index:-1 Vals:672 MxVals:1024 Type:4TVecI11THashKeyDatI4TIntN7TNGraph5TNodeEEiE'], file /usr/include/Snap-2.3/glib-core/ds.h, line 455
--------
--------
/home/rodrigo/Documentos/UFABC/Iniciação Científica/PIC - 01.2014/Kavosh/Kavosh/Kavosh.Err
Wed May 20 13:30:57 2015
Execution stopped: (0<=ValN)&&(ValN<Vals) [Reason:'Index:-1 Vals:672 MxVals:1024 Type:4TVecI11THashKeyDatI4TIntN7TNGraph5TNodeEEiE'], file /usr/include/Snap-2.3/glib-core/ds.h, line 455
--------
--------
/home/rodrigo/Documentos/UFABC/Iniciação Científica/PIC - 01.2014/Kavosh/Kavosh/Kavosh.Err
Thu May 21 16:17:20 2015
Execution stopped: (0<=ValN)&&(ValN<Vals) [Reason:'Index:-1 Vals:673 MxVals:1024 Type:4TVecI11THashKeyDatI4TIntN7TNGraph5TNodeEEiE'], file /usr/include/Snap-2.3/glib-core/ds.h, line 455
--------
--------
/home/rodrigo/Documentos/UFABC/Iniciação Científica/PIC - 01.2014/Kavosh/Kavosh/Kavosh.Err
Thu May 21 16:17:50 2015
Execution stopped: (0<=ValN)&&(ValN<Vals) [Reason:'Index:-1 Vals:673 MxVals:1024 Type:4TVecI11THashKeyDatI4TIntN7TNGraph5TNodeEEiE'], file /usr/include/Snap-2.3/glib-core/ds.h, line 455
--------
--------
/home/rodrigo/Documentos/UFABC/Iniciação Científica/PIC - 01.2014/Kavosh/Kavosh/Kavosh.Err
Thu May 21 16:23:22 2015
Execution stopped: (0<=ValN)&&(ValN<Vals) [Reason:'Index:-1 Vals:673 MxVals:1024 Type:4TVecI11THashKeyDatI4TIntN7TNGraph5TNodeEEiE'], file /usr/include/Snap-2.3/glib-core/ds.h, line 455
--------
--------
/home/rodrigo/Documentos/UFABC/Iniciação Científica/PIC - 01.2014/Kavosh/Kavosh/Kavosh.Err
Thu May 21 16:39:27 2015
Execution stopped: (0<=ValN)&&(ValN<Vals) [Reason:'Index:-1 Vals:673 MxVals:1024 Type:4TVecI11THashKeyDatI4TIntN7TNGraph5TNodeEEiE'], file /usr/include/Snap-2.3/glib-core/ds.h, line 455
--------
--------
/home/rodrigo/Documentos/UFABC/Iniciação Científica/PIC - 01.2014/Kavosh/Kavosh/Kavosh.Err
Thu May 21 16:40:18 2015
Execution stopped: (0<=ValN)&&(ValN<Vals) [Reason:'Index:-1 Vals:672 MxVals:1024 Type:4TVecI11THashKeyDatI4TIntN7TNGraph5TNodeEEiE'], file /usr/include/Snap-2.3/glib-core/ds.h, line 455
--------
--------
/home/rodrigo/Documentos/UFABC/Iniciação Científica/PIC - 01.2014/Kavosh/Kavosh/Kavosh.Err
Thu May 21 16:41:10 2015
Execution stopped: (0<=ValN)&&(ValN<Vals) [Reason:'Index:-1 Vals:672 MxVals:1024 Type:4TVecI11THashKeyDatI4TIntN7TNGraph5TNodeEEiE'], file /usr/include/Snap-2.3/glib-core/ds.h, line 455
--------
--------
/home/rodrigo/Documentos/UFABC/Iniciação Científica/PIC - 01.2014/Kavosh/Kavosh/Kavosh.Err
Thu May 21 17:37:57 2015
Execution stopped: (0<=ValN)&&(ValN<Vals) [Reason:'Index:-1 Vals:673 MxVals:1024 Type:4TVecI11THashKeyDatI4TIntN7TNGraph5TNodeEEiE'], file /usr/include/Snap-2.3/glib-core/ds.h, line 455
--------
--------
/home/rodrigo/Documentos/UFABC/Iniciação Científica/PIC - 01.2014/Kavosh/Kavosh/Kavosh.Err
Fri May 22 14:43:09 2015
Execution stopped: (0<=ValN)&&(ValN<Vals) [Reason:'Index:-524833578 Vals:0 MxVals:0 Type:4TVecI4TIntiE'], file /usr/include/Snap-2.3/glib-core/ds.h, line 455
--------
--------
/home/rodrigo/Documentos/UFABC/Iniciação Científica/PIC - 01.2014/Kavosh/Kavosh/Kavosh.Err
Fri May 22 15:12:31 2015
Execution stopped: (0<=ValN)&&(ValN<Vals) [Reason:'Index:-524833578 Vals:0 MxVals:0 Type:4TVecI4TIntiE'], file /usr/include/Snap-2.3/glib-core/ds.h, line 455
--------
--------
/home/rodrigo/Documentos/UFABC/Iniciação Científica/PIC - 01.2014/Kavosh/Kavosh/Kavosh.Err
Fri May 22 15:13:22 2015
Execution stopped: (0<=ValN)&&(ValN<Vals) [Reason:'Index:-524833578 Vals:0 MxVals:0 Type:4TVecI4TIntiE'], file /usr/include/Snap-2.3/glib-core/ds.h, line 455
--------
--------
/home/rodrigo/Documentos/UFABC/Iniciação Científica/PIC - 01.2014/Kavosh/Kavosh/Kavosh.Err
Fri May 22 15:14:27 2015
Execution stopped: (0<=ValN)&&(ValN<Vals) [Reason:'Index:-524833578 Vals:0 MxVals:0 Type:4TVecI4TIntiE'], file /usr/include/Snap-2.3/glib-core/ds.h, line 455
--------
--------
/home/rodrigo/Documentos/UFABC/Iniciação Científica/PIC - 01.2014/Kavosh/Kavosh/Kavosh.Err
Fri May 22 15:15:15 2015
Execution stopped: (0<=ValN)&&(ValN<Vals) [Reason:'Index:-524833578 Vals:0 MxVals:0 Type:4TVecI4TIntiE'], file /usr/include/Snap-2.3/glib-core/ds.h, line 455
--------
--------
/home/rodrigo/Documentos/UFABC/Iniciação Científica/PIC - 01.2014/Kavosh/Kavosh/Kavosh.Err
Fri May 22 15:15:38 2015
Execution stopped: (0<=ValN)&&(ValN<Vals) [Reason:'Index:-524833578 Vals:0 MxVals:0 Type:4TVecI4TIntiE'], file /usr/include/Snap-2.3/glib-core/ds.h, line 455
--------
--------
/home/rodrigo/Documentos/UFABC/Iniciação Científica/PIC - 01.2014/Kavosh/Kavosh/Kavosh.Err
Fri May 22 15:16:34 2015
Execution stopped: (0<=ValN)&&(ValN<Vals) [Reason:'Index:-524833578 Vals:0 MxVals:0 Type:4TVecI4TIntiE'], file /usr/include/Snap-2.3/glib-core/ds.h, line 455
--------
--------
/home/rodrigo/Documentos/UFABC/Iniciação Científica/PIC - 01.2014/Kavosh/Kavosh/Kavosh.Err
Fri May 22 15:17:07 2015
Execution stopped: (0<=ValN)&&(ValN<Vals) [Reason:'Index:-524833578 Vals:0 MxVals:0 Type:4TVecI4TIntiE'], file /usr/include/Snap-2.3/glib-core/ds.h, line 455
--------
--------
/home/rodrigo/Documentos/UFABC/Iniciação Científica/PIC - 01.2014/Kavosh/Kavosh/Kavosh.Err
Fri May 22 15:19:37 2015
Execution stopped: (0<=ValN)&&(ValN<Vals) [Reason:'Index:-524833578 Vals:0 MxVals:0 Type:4TVecI4TIntiE'], file /usr/include/Snap-2.3/glib-core/ds.h, line 455
--------
--------
/home/rodrigo/Documentos/UFABC/Iniciação Científica/PIC - 01.2014/Kavosh/Kavosh/Kavosh.Err
Fri May 22 15:21:12 2015
Execution stopped: (0<=ValN)&&(ValN<Vals) [Reason:'Index:-524833578 Vals:0 MxVals:0 Type:4TVecI4TIntiE'], file /usr/include/Snap-2.3/glib-core/ds.h, line 455
--------
--------
/home/rodrigo/Documentos/UFABC/Iniciação Científica/PIC - 01.2014/Kavosh/Kavosh/Kavosh.Err
Fri May 22 15:21:28 2015
Execution stopped: (0<=ValN)&&(ValN<Vals) [Reason:'Index:-524833578 Vals:0 MxVals:0 Type:4TVecI4TIntiE'], file /usr/include/Snap-2.3/glib-core/ds.h, line 455
--------
--------
/home/rodrigo/Documentos/UFABC/Iniciação Científica/PIC - 01.2014/Kavosh/Kavosh/Kavosh.Err
Fri May 22 15:22:16 2015
Execution stopped: (0<=ValN)&&(ValN<Vals) [Reason:'Index:282475248 Vals:0 MxVals:0 Type:4TVecI4TIntiE'], file /usr/include/Snap-2.3/glib-core/ds.h, line 455
--------
--------
/home/rodrigo/Documentos/UFABC/Iniciação Científica/PIC - 01.2014/Kavosh/Kavosh/Kavosh.Err
Fri May 22 15:22:35 2015
Execution stopped: (0<=ValN)&&(ValN<Vals) [Reason:'Index:-524833578 Vals:0 MxVals:0 Type:4TVecI4TIntiE'], file /usr/include/Snap-2.3/glib-core/ds.h, line 455
--------
--------
/home/rodrigo/Documentos/UFABC/Iniciação Científica/PIC - 01.2014/Kavosh/Kavosh/Kavosh.Err
Fri May 22 15:23:15 2015
Execution stopped: (0<=ValN)&&(ValN<Vals) [Reason:'Index:470211263 Vals:0 MxVals:0 Type:4TVecI4TIntiE'], file /usr/include/Snap-2.3/glib-core/ds.h, line 455
--------
--------
/home/rodrigo/Documentos/UFABC/Iniciação Científica/PIC - 01.2014/Kavosh/Kavosh/Kavosh.Err
Fri May 22 15:23:29 2015
Execution stopped: (0<=ValN)&&(ValN<Vals) [Reason:'Index:470211263 Vals:0 MxVals:0 Type:4TVecI4TIntiE'], file /usr/include/Snap-2.3/glib-core/ds.h, line 455
--------
--------
/home/rodrigo/Documentos/UFABC/Iniciação Científica/PIC - 01.2014/Kavosh/Kavosh/Kavosh.Err
Fri May 22 15:23:35 2015
Execution stopped: (0<=ValN)&&(ValN<Vals) [Reason:'Index:470211263 Vals:0 MxVals:0 Type:4TVecI4TIntiE'], file /usr/include/Snap-2.3/glib-core/ds.h, line 455
--------
--------
/home/rodrigo/Documentos/UFABC/Iniciação Científica/PIC - 01.2014/Kavosh/Kavosh/Kavosh.Err
Fri May 22 15:27:05 2015
Execution stopped: (0<=ValN)&&(ValN<Vals) [Reason:'Index:470211263 Vals:0 MxVals:0 Type:4TVecI4TIntiE'], file /usr/include/Snap-2.3/glib-core/ds.h, line 455
--------
--------
/home/rodrigo/Documentos/UFABC/Iniciação Científica/PIC - 01.2014/Kavosh/Kavosh/Kavosh.Err
Fri May 22 15:28:25 2015
Execution stopped: (0<=ValN)&&(ValN<Vals) [Reason:'Index:470211263 Vals:0 MxVals:0 Type:4TVecI4TIntiE'], file /usr/include/Snap-2.3/glib-core/ds.h, line 455
--------
--------
/home/rodrigo/Documentos/UFABC/Iniciação Científica/PIC - 01.2014/Kavosh/Kavosh/Kavosh.Err
Fri May 22 15:29:17 2015
Execution stopped: (0<=ValN)&&(ValN<Vals) [Reason:'Index:470211263 Vals:0 MxVals:0 Type:4TVecI4TIntiE'], file /usr/include/Snap-2.3/glib-core/ds.h, line 455
--------
