FANMOD 1.1 subgraph enumeration
-------------------------------

Network name: /home/rodrigo/Documentos/UFABC/Iniciação Científica/PIC - 01.2014/Kavosh/Kavosh/networks/ecoli2.txt
Network type: Directed
Number of nodes: 673
Number of edges: 866
Number of single edges: 456
Number of mutual edges: 410

Algorithm: enumeration
Subgraph size: 4

Generated 1000 random networks
   with locally constant number of bidirectional edges,
   3 exchanges per edge and 3 tries per edge.

13103 subgraphs were enumerated in the original network.
14008803 subgraphs were enumerated in the random networks.
14021906 subgraphs were enumerated in all networks.

For the random networks: 2663899 tries were made, 2600428 were successful.
Randomization took 0.849945 seconds.
Enumeration took 9.44691 seconds.


Result overview:

   ID  Adj   Frequency     Mean-Freq  Standard-Dev    Z-Score  p-Value
            [Original]      [Random]      [Random]

 8598 0010     11.661%       10.715%     0.0052159     1.8143    0.037
      0001
      1001
      0110

  602 0000     8.1508%       8.2022%     0.0050499   -0.10173    0.527
      0010
      0101
      1010

 4380 0001     7.9371%       8.1331%     0.0019375    -1.0114    0.829
      0001
      0001
      1100

  286 0000     7.6471%       7.8458%     0.0019157     -1.037    0.849
      0001
      0001
      1110

 4492 0001     7.2045%       7.8286%     0.0046741    -1.3354    0.907
      0001
      1000
      1100

 4382 0001     7.1739%       8.2626%     0.0018866    -5.7706        1
      0001
      0001
      1110

  284 0000     5.3423%       5.2498%     0.0012944    0.71472    0.243
      0001
      0001
      1100

   30 0000     4.0372%       4.1704%     0.0010471     -1.272    0.895
      0000
      0001
      1110

 8588 0010     3.7625%       4.8103%     0.0056139    -1.8663    0.977
      0001
      1000
      1100

18568 0100     3.1672%       3.2598%    0.00080415    -1.1508    0.876
      1000
      1000
      1000

  588 0000     3.1214%       3.5416%     0.0044828   -0.93729    0.832
      0010
      0100
      1100

  396 0000      2.839%       3.1487%     0.0034749   -0.89111    0.819
      0001
      1000
      1100

  332 0000     2.7017%       2.7652%     0.0025253   -0.25147    0.587
      0001
      0100
      1100

  390 0000      2.633%       2.9831%     0.0029365    -1.1921    0.881
      0001
      1000
      0110

10372 0010      2.343%        2.959%     0.0028371    -2.1713    0.988
      1000
      1000
      0100

  140 0000     2.2285%        2.297%     0.0025937   -0.26404    0.587
      0000
      1000
      1100

   74 0000     1.8851%       2.1587%     0.0022214    -1.2316    0.904
      0000
      0100
      1010

  150 0000     1.8851%        1.383%     0.0021406     2.3453     0.02
      0000
      1001
      0110

  536 0000     1.7477%       1.7973%     0.0014855   -0.33408    0.627
      0010
      0001
      1000

  392 0000     1.5798%       1.9057%     0.0017208    -1.8941    0.972
      0001
      1000
      1000

   28 0000     1.3814%       1.5364%    0.00040635    -3.8158        1
      0000
      0001
      1100

 4958 0001      1.305%    0.0057621%    0.00022596     57.501        0
      0011
      0101
      1110

   14 0000     1.1677%       1.1629%    0.00032728    0.14718    0.462
      0000
      0000
      1110

 2116 0000     1.1371%       1.2257%     0.0003228    -2.7435    0.992
      1000
      0100
      0100

18504 0100     1.0532%       1.3537%     0.0018061    -1.6641    0.965
      1000
      0100
      1000

 2184 0000    0.59528%      0.75294%    0.00023125    -6.8175        1
      1000
      1000
      1000

17238 0100    0.45028%    0.0012578%    5.9169e-05     75.888        0
      0011
      0101
      0110

  862 0000    0.41975%    0.0039352%    0.00014942     27.829        0
      0011
      0101
      1110

  398 0000    0.26711%     0.011097%    0.00023658     10.822        0
      0001
      1000
      1110

 8606 0010    0.22132%     0.035186%    0.00044662     4.1676    0.005
      0001
      1001
      1110

 4510 0001    0.21369%     0.044291%    0.00050279     3.3692    0.009
      0001
      1001
      1110

10380 0010     0.1908%    0.0092495%    0.00020799     8.7286        0
      1000
      1000
      1100

 2188 0000     0.1908%    0.0069731%    0.00013058     14.077        0
      1000
      1000
      1100

19030 0100    0.17553%     0.032683%    0.00043779      3.263    0.014
      1010
      0101
      0110

  606 0000    0.17553%     0.020878%    0.00024948      6.199        0
      0010
      0101
      1110

16982 0100      0.145%     0.016782%    0.00020397     6.2865        0
      0010
      0101
      0110

 4438 0001    0.11448%     0.014472%    0.00018386     5.4393        0
      0001
      0101
      0110

 4636 0001    0.10685%    0.0061404%     0.0002296     4.3862    0.017
      0010
      0001
      1100

27030 0110    0.10685%     0.023082%     0.0001346     6.2232        0
      1001
      1001
      0110

 4694 0001   0.099214%     0.011735%    0.00016384     5.3395        0
      0010
      0101
      0110

 2076 0000   0.099214%    0.0038604%    8.7801e-05      10.86        0
      1000
      0001
      1100

  540 0000   0.099214%     0.003565%    0.00011716     8.1637        0
      0010
      0001
      1100

 2118 0000   0.091582%    0.0037816%    8.9267e-05     9.8357        0
      1000
      0100
      0110

  350 0000    0.08395%     0.014352%    0.00020292     3.4298    0.018
      0001
      0101
      1110

  142 0000    0.08395%     0.009207%    0.00016173     4.6216    0.002
      0000
      1000
      1110

  204 0000   0.076318%   0.00089026%    2.4833e-05     30.375        0
      0000
      1100
      1100

13278 0011   0.068687%            0%             0  undefined        0
      0011
      1101
      1110

19034 0100   0.068687%     0.022017%    0.00013592     3.4335    0.003
      1010
      0101
      1010

  202 0000   0.068687%    0.0049835%    0.00010575      6.024    0.002
      0000
      1100
      1010

10312 0010   0.053423%    0.0030241%    9.8477e-05     5.1178    0.004
      1000
      0100
      1000

18582 0100   0.053423%    0.0024566%    4.2154e-05     12.091        0
      1000
      1001
      0110

  858 0000   0.045791%     0.011937%    0.00017923     1.8888    0.054
      0011
      0101
      1010

 4442 0001   0.045791%     0.018936%    0.00034754    0.77271    0.128
      0001
      0101
      1010

16986 0100   0.038159%    0.0086023%     7.871e-05     3.7552    0.002
      0010
      0101
      1010

 4494 0001   0.038159%     0.017951%    0.00032916    0.61393    0.145
      0001
      1000
      1110

13214 0011   0.038159%   7.0998e-06%    2.2451e-06     169.93        0
      0011
      1001
      1110

  714 0000   0.030527%    0.0083715%    0.00022448    0.98701    0.082
      0010
      1100
      1010

 2202 0000   0.022896%    0.0041888%    0.00010681     1.7514    0.071
      1000
      1001
      1010

 2124 0000   0.022896%     0.003774%    8.0584e-05     2.3729    0.043
      1000
      0100
      1100

  662 0000   0.022896%    0.0056455%    0.00012513     1.3786     0.08
      0010
      1001
      0110

  414 0000   0.022896%      0.01636%    0.00034256    0.19077    0.221
      0001
      1001
      1110

 8652 0010   0.022896%    0.0024145%    4.0748e-05     5.0262        0
      0001
      1100
      1100

  972 0000   0.022896%    0.0045605%     5.752e-05     3.1876    0.004
      0011
      1100
      1100

  158 0000   0.022896%    0.0088643%    0.00018975    0.73947    0.161
      0000
      1001
      1110

 4810 0001   0.022896%    0.0087814%    0.00022761     0.6201    0.113
      0010
      1100
      1010

18846 0100   0.015264%   5.6768e-05%    7.7798e-06     19.547        0
      1001
      1001
      1110

16920 0100   0.015264%   0.00043621%     1.741e-05     8.5165        0
      0010
      0001
      1000

 9182 0010   0.015264%   4.2289e-05%    5.4462e-06     27.949        0
      0011
      1101
      1110

 2198 0000   0.015264%    0.0034303%    4.9436e-05     2.3937    0.013
      1000
      1001
      0110

18782 0100  0.0076318%    3.499e-05%    4.9386e-06     15.383        0
      1001
      0101
      1110

 6286 0001  0.0076318%   1.4122e-05%    3.1565e-06     24.134        0
      1000
      1000
      1110

 8908 0010  0.0076318%    0.0048053%    6.0267e-05      0.469    0.144
      0010
      1100
      1100

  334 0000  0.0076318%    0.0093216%    0.00016429   -0.10286    0.253
      0001
      0100
      1110

16780 0100  0.0076318%    0.0044757%    8.6811e-05    0.36356    0.169
      0001
      1000
      1100

18518 0100  0.0076318%    0.0048043%    0.00014867    0.19018    0.138
      1000
      0101
      0110

  666 0000  0.0076318%    0.0056559%     0.0001224    0.16143    0.176
      0010
      1001
      1010

16924 0100  0.0076318%   1.4147e-05%    4.4738e-06     17.027    0.001
      0010
      0001
      1100

  206 0000  0.0076318%   1.3963e-05%    3.1211e-06     24.408        0
      0000
      1100
      1110

15052 0011  0.0076318%   9.9734e-05%    8.9675e-06     8.3993    0.001
      1010
      1100
      1100

 8844 0010  0.0076318%    0.0039006%    5.5611e-05    0.67095    0.111
      0010
      1000
      1100

 2252 0000  0.0076318%            0%             0  undefined        0
      1000
      1100
      1100

  652 0000  0.0076318%    0.0028537%    4.5205e-05      1.057    0.053
      0010
      1000
      1100

13262 0011  0.0076318%   0.00034741%    1.8804e-05     3.8739    0.004
      0011
      1100
      1110

