--------
/home/rodrigo/Documentos/UFABC/Iniciação Científica/PIC - 01.2014/Kavosh/Kavosh/src/main.Err
Wed Aug 12 13:56:48 2015
Execution stopped: (0<=ValN)&&(ValN<Vals) [Reason:'Index:-1 Vals:6298 MxVals:8192 Type:4TVecI11THashKeyDatI4TIntN7TNGraph5TNodeEEiE'], file ../Snap-2.4/glib-core/ds.h, line 455
--------
--------
/home/rodrigo/Documentos/UFABC/Iniciação Científica/PIC - 01.2014/Kavosh/Kavosh/src/main.Err
Wed Aug 12 14:53:29 2015
Execution stopped: (0<=ValN)&&(ValN<Vals) [Reason:'Index:-1 Vals:171156 MxVals:262144 Type:4TVecI11THashKeyDatI4TIntN7TNGraph5TNodeEEiE'], file ../Snap-2.4/glib-core/ds.h, line 455
--------
--------
/home/rodrigo/Documentos/UFABC/Iniciação Científica/PIC - 01.2014/Kavosh/Kavosh/src/main.Err
Wed Aug 12 15:03:02 2015
Execution stopped: (0<=ValN)&&(ValN<Vals) [Reason:'Index:-1 Vals:171156 MxVals:262144 Type:4TVecI11THashKeyDatI4TIntN7TNGraph5TNodeEEiE'], file ../Snap-2.4/glib-core/ds.h, line 455
--------
--------
/home/rodrigo/Documentos/UFABC/Iniciação Científica/PIC - 01.2014/Kavosh/Kavosh/src/main.Err
Wed Aug 12 15:06:40 2015
Execution stopped: (0<=ValN)&&(ValN<Vals) [Reason:'Index:-1 Vals:171156 MxVals:262144 Type:4TVecI11THashKeyDatI4TIntN7TNGraph5TNodeEEiE'], file ../Snap-2.4/glib-core/ds.h, line 455
--------
--------
/home/rodrigo/Documentos/UFABC/Iniciação Científica/PIC - 01.2014/Kavosh/Kavosh/src/main.Err
Wed Aug 12 15:14:59 2015
Execution stopped: (0<=ValN)&&(ValN<Vals) [Reason:'Index:-1 Vals:168980 MxVals:262144 Type:4TVecI11THashKeyDatI4TIntN7TNGraph5TNodeEEiE'], file ../Snap-2.4/glib-core/ds.h, line 455
--------
--------
/home/rodrigo/Documentos/UFABC/Iniciação Científica/PIC - 01.2014/Kavosh/Kavosh/src/main.Err
Wed Aug 12 15:15:41 2015
Execution stopped: (0<=ValN)&&(ValN<Vals) [Reason:'Index:-1 Vals:65639 MxVals:131072 Type:4TVecI11THashKeyDatI4TIntN7TNGraph5TNodeEEiE'], file ../Snap-2.4/glib-core/ds.h, line 455
--------
--------
/home/rodrigo/Documentos/UFABC/Iniciação Científica/PIC - 01.2014/Kavosh/Kavosh/src/main.Err
Wed Aug 12 15:16:06 2015
Execution stopped: (0<=ValN)&&(ValN<Vals) [Reason:'Index:-1 Vals:65639 MxVals:131072 Type:4TVecI11THashKeyDatI4TIntN7TNGraph5TNodeEEiE'], file ../Snap-2.4/glib-core/ds.h, line 455
--------
--------
/home/rodrigo/Documentos/UFABC/Iniciação Científica/PIC - 01.2014/Kavosh/Kavosh/src/main.Err
Wed Aug 12 15:16:29 2015
Execution stopped: (0<=ValN)&&(ValN<Vals) [Reason:'Index:-1 Vals:19300 MxVals:32768 Type:4TVecI11THashKeyDatI4TIntN7TNGraph5TNodeEEiE'], file ../Snap-2.4/glib-core/ds.h, line 455
--------
--------
/home/rodrigo/Documentos/UFABC/Iniciação Científica/PIC - 01.2014/Kavosh/Kavosh/src/main.Err
Wed Aug 12 15:17:02 2015
Execution stopped: (0<=ValN)&&(ValN<Vals) [Reason:'Index:-1 Vals:10495 MxVals:16384 Type:4TVecI11THashKeyDatI4TIntN7TNGraph5TNodeEEiE'], file ../Snap-2.4/glib-core/ds.h, line 455
--------
--------
/home/rodrigo/Documentos/UFABC/Iniciação Científica/PIC - 01.2014/Kavosh/Kavosh/src/main.Err
Wed Aug 12 15:17:14 2015
Execution stopped: (0<=ValN)&&(ValN<Vals) [Reason:'Index:-1 Vals:10495 MxVals:16384 Type:4TVecI11THashKeyDatI4TIntN7TNGraph5TNodeEEiE'], file ../Snap-2.4/glib-core/ds.h, line 455
--------
--------
/home/rodrigo/Documentos/UFABC/Iniciação Científica/PIC - 01.2014/Kavosh/Kavosh/src/main.Err
Wed Aug 12 15:23:09 2015
Execution stopped: (0<=ValN)&&(ValN<Vals) [Reason:'Index:-1 Vals:160102 MxVals:262144 Type:4TVecI11THashKeyDatI4TIntN7TNGraph5TNodeEEiE'], file ../Snap-2.4/glib-core/ds.h, line 455
--------
--------
/home/rodrigo/Documentos/UFABC/Iniciação Científica/PIC - 01.2014/Kavosh/Kavosh/src/main.Err
Wed Aug 12 15:24:01 2015
Execution stopped: (0<=ValN)&&(ValN<Vals) [Reason:'Index:-1 Vals:159855 MxVals:262144 Type:4TVecI11THashKeyDatI4TIntN7TNGraph5TNodeEEiE'], file ../Snap-2.4/glib-core/ds.h, line 455
--------
--------
/home/rodrigo/Documentos/UFABC/Iniciação Científica/PIC - 01.2014/Kavosh/Kavosh/src/main.Err
Wed Aug 12 15:24:20 2015
Execution stopped: (0<=ValN)&&(ValN<Vals) [Reason:'Index:-1 Vals:28709 MxVals:32768 Type:4TVecI11THashKeyDatI4TIntN7TNGraph5TNodeEEiE'], file ../Snap-2.4/glib-core/ds.h, line 455
--------
--------
/home/rodrigo/Documentos/UFABC/Iniciação Científica/PIC - 01.2014/Kavosh/Kavosh/src/main.Err
Wed Aug 12 15:24:33 2015
Execution stopped: (0<=ValN)&&(ValN<Vals) [Reason:'Index:-1 Vals:3008 MxVals:4096 Type:4TVecI11THashKeyDatI4TIntN7TNGraph5TNodeEEiE'], file ../Snap-2.4/glib-core/ds.h, line 455
--------
--------
/home/rodrigo/Documentos/UFABC/Iniciação Científica/PIC - 01.2014/Kavosh/Kavosh/src/main.Err
Wed Aug 12 15:24:54 2015
Execution stopped: (0<=ValN)&&(ValN<Vals) [Reason:'Index:-1 Vals:804 MxVals:1024 Type:4TVecI11THashKeyDatI4TIntN7TNGraph5TNodeEEiE'], file ../Snap-2.4/glib-core/ds.h, line 455
--------
--------
/home/rodrigo/Documentos/UFABC/Iniciação Científica/PIC - 01.2014/Kavosh/Kavosh/src/main.Err
Wed Aug 12 15:28:15 2015
Execution stopped: (0<=ValN)&&(ValN<Vals) [Reason:'Index:-1 Vals:804 MxVals:1024 Type:4TVecI11THashKeyDatI4TIntN7TNGraph5TNodeEEiE'], file ../Snap-2.4/glib-core/ds.h, line 455
--------
--------
/home/rodrigo/Documentos/UFABC/Iniciação Científica/PIC - 01.2014/Kavosh/Kavosh/src/main.Err
Wed Aug 12 15:37:06 2015
Execution stopped: (0<=ValN)&&(ValN<Vals) [Reason:'Index:-1 Vals:804 MxVals:1024 Type:4TVecI11THashKeyDatI4TIntN7TNGraph5TNodeEEiE'], file ../Snap-2.4/glib-core/ds.h, line 455
--------
--------
/home/rodrigo/Documentos/UFABC/Iniciação Científica/PIC - 01.2014/Kavosh/Kavosh/src/main.Err
Wed Aug 12 15:47:51 2015
Execution stopped: (0<=ValN)&&(ValN<Vals) [Reason:'Index:-1 Vals:804 MxVals:1024 Type:4TVecI11THashKeyDatI4TIntN7TNGraph5TNodeEEiE'], file ../Snap-2.4/glib-core/ds.h, line 455
--------
--------
/home/rodrigo/Documentos/UFABC/Iniciação Científica/PIC - 01.2014/Kavosh/Kavosh/src/main.Err
Wed Aug 12 15:47:53 2015
Execution stopped: (0<=ValN)&&(ValN<Vals) [Reason:'Index:-1 Vals:804 MxVals:1024 Type:4TVecI11THashKeyDatI4TIntN7TNGraph5TNodeEEiE'], file ../Snap-2.4/glib-core/ds.h, line 455
--------
--------
/home/rodrigo/Documentos/UFABC/Iniciação Científica/PIC - 01.2014/Kavosh/Kavosh/src/main.Err
Wed Aug 12 15:48:10 2015
Execution stopped: (0<=ValN)&&(ValN<Vals) [Reason:'Index:-1 Vals:804 MxVals:1024 Type:4TVecI11THashKeyDatI4TIntN7TNGraph5TNodeEEiE'], file ../Snap-2.4/glib-core/ds.h, line 455
--------
--------
/home/rodrigo/Documentos/UFABC/Iniciação Científica/PIC - 01.2014/Kavosh/Kavosh/src/main.Err
Tue Aug 25 09:54:14 2015
Execution stopped: (0<=ValN)&&(ValN<Vals) [Reason:'Index:-1 Vals:24516 MxVals:32768 Type:4TVecI11THashKeyDatI4TIntN7TNGraph5TNodeEEiE'], file ../Snap-2.4/glib-core/ds.h, line 455
--------
--------
/home/rodrigo/Documentos/UFABC/Iniciação Científica/PIC - 01.2014/Kavosh/Kavosh/src/main.Err
Tue Aug 25 09:54:19 2015
Execution stopped: (0<=ValN)&&(ValN<Vals) [Reason:'Index:-1 Vals:24516 MxVals:32768 Type:4TVecI11THashKeyDatI4TIntN7TNGraph5TNodeEEiE'], file ../Snap-2.4/glib-core/ds.h, line 455
--------
--------
/home/rodrigo/Documentos/UFABC/Iniciação Científica/PIC - 01.2014/Kavosh/Kavosh/src/main.Err
Tue Aug 25 09:54:20 2015
Execution stopped: (0<=ValN)&&(ValN<Vals) [Reason:'Index:-1 Vals:24516 MxVals:32768 Type:4TVecI11THashKeyDatI4TIntN7TNGraph5TNodeEEiE'], file ../Snap-2.4/glib-core/ds.h, line 455
--------
--------
/home/rodrigo/Documentos/UFABC/Iniciação Científica/PIC - 01.2014/Kavosh/Kavosh/src/main.Err
Tue Aug 25 10:03:49 2015
Execution stopped: IsNode(SrcNId) && IsNode(DstNId) [Reason:'-1 or 7 not a node.'], file graph.cpp, line 287
--------
--------
/home/rodrigo/Documentos/UFABC/Iniciação Científica/PIC - 01.2014/Kavosh/Kavosh/src/main.Err
Tue Aug 25 10:03:51 2015
Execution stopped: IsNode(SrcNId) && IsNode(DstNId) [Reason:'-1 or 7 not a node.'], file graph.cpp, line 287
--------
--------
/home/rodrigo/Documentos/UFABC/Iniciação Científica/PIC - 01.2014/Kavosh/Kavosh/src/main.Err
Tue Aug 25 10:15:39 2015
Execution stopped: (0<=ValN)&&(ValN<Vals) [Reason:'Index:-1 Vals:802 MxVals:1024 Type:4TVecI11THashKeyDatI4TIntN7TNGraph5TNodeEEiE'], file ../Snap-2.4/glib-core/ds.h, line 455
--------
--------
/home/rodrigo/Documentos/UFABC/Iniciação Científica/PIC - 01.2014/Kavosh/Kavosh/src/main.Err
Tue Aug 25 10:15:41 2015
Execution stopped: (0<=ValN)&&(ValN<Vals) [Reason:'Index:-1 Vals:802 MxVals:1024 Type:4TVecI11THashKeyDatI4TIntN7TNGraph5TNodeEEiE'], file ../Snap-2.4/glib-core/ds.h, line 455
--------
--------
/home/rodrigo/Documentos/UFABC/Iniciação Científica/PIC - 01.2014/Kavosh/Kavosh/src/main.Err
Tue Aug 25 10:15:41 2015
Execution stopped: (0<=ValN)&&(ValN<Vals) [Reason:'Index:-1 Vals:802 MxVals:1024 Type:4TVecI11THashKeyDatI4TIntN7TNGraph5TNodeEEiE'], file ../Snap-2.4/glib-core/ds.h, line 455
--------
--------
/home/rodrigo/Documentos/UFABC/Iniciação Científica/PIC - 01.2014/Kavosh/Kavosh/src/main.Err
Tue Aug 25 10:15:42 2015
Execution stopped: (0<=ValN)&&(ValN<Vals) [Reason:'Index:-1 Vals:802 MxVals:1024 Type:4TVecI11THashKeyDatI4TIntN7TNGraph5TNodeEEiE'], file ../Snap-2.4/glib-core/ds.h, line 455
--------
--------
/home/rodrigo/Documentos/UFABC/Iniciação Científica/PIC - 01.2014/Kavosh/Kavosh/src/main.Err
Tue Aug 25 10:15:42 2015
Execution stopped: (0<=ValN)&&(ValN<Vals) [Reason:'Index:-1 Vals:802 MxVals:1024 Type:4TVecI11THashKeyDatI4TIntN7TNGraph5TNodeEEiE'], file ../Snap-2.4/glib-core/ds.h, line 455
--------
--------
/home/rodrigo/Documentos/UFABC/Iniciação Científica/PIC - 01.2014/Kavosh/Kavosh/src/main.Err
Tue Aug 25 10:15:43 2015
Execution stopped: (0<=ValN)&&(ValN<Vals) [Reason:'Index:-1 Vals:802 MxVals:1024 Type:4TVecI11THashKeyDatI4TIntN7TNGraph5TNodeEEiE'], file ../Snap-2.4/glib-core/ds.h, line 455
--------
--------
/home/rodrigo/Documentos/UFABC/Iniciação Científica/PIC - 01.2014/Kavosh/Kavosh/src/main.Err
Tue Aug 25 10:18:35 2015
Execution stopped: (0<=ValN)&&(ValN<Vals) [Reason:'Index:-1 Vals:799 MxVals:1024 Type:4TVecI11THashKeyDatI4TIntN7TNGraph5TNodeEEiE'], file ../Snap-2.4/glib-core/ds.h, line 455
--------
--------
/home/rodrigo/Documentos/UFABC/Iniciação Científica/PIC - 01.2014/Kavosh/Kavosh/src/main.Err
Tue Aug 25 10:35:58 2015
Execution stopped: (0<=ValN)&&(ValN<Vals) [Reason:'Index:-1 Vals:166349 MxVals:262144 Type:4TVecI11THashKeyDatI4TIntN7TNGraph5TNodeEEiE'], file ../Snap-2.4/glib-core/ds.h, line 455
--------
--------
/home/rodrigo/Documentos/UFABC/Iniciação Científica/PIC - 01.2014/Kavosh/Kavosh/src/main.Err
Tue Aug 25 10:36:00 2015
Execution stopped: (0<=ValN)&&(ValN<Vals) [Reason:'Index:-1 Vals:166349 MxVals:262144 Type:4TVecI11THashKeyDatI4TIntN7TNGraph5TNodeEEiE'], file ../Snap-2.4/glib-core/ds.h, line 455
--------
--------
/home/rodrigo/Documentos/UFABC/Iniciação Científica/PIC - 01.2014/Kavosh/Kavosh/src/main.Err
Tue Aug 25 12:17:14 2015
Execution stopped: (0<=ValN)&&(ValN<Vals) [Reason:'Index:-1 Vals:168395 MxVals:262144 Type:4TVecI11THashKeyDatI4TIntN7TNGraph5TNodeEEiE'], file ../Snap-2.4/glib-core/ds.h, line 455
--------
--------
/home/rodrigo/Documentos/UFABC/Iniciação Científica/PIC - 01.2014/Kavosh/Kavosh/src/main.Err
Tue Aug 25 13:32:54 2015
Execution stopped: (0<=ValN)&&(ValN<Vals) [Reason:'Index:-1 Vals:171156 MxVals:262144 Type:4TVecI11THashKeyDatI4TIntN7TNGraph5TNodeEEiE'], file ../Snap-2.4/glib-core/ds.h, line 455
--------
--------
/home/rodrigo/Documentos/UFABC/Iniciação Científica/PIC - 01.2014/Kavosh/Kavosh/src/main.Err
Tue Aug 25 13:32:56 2015
Execution stopped: (0<=ValN)&&(ValN<Vals) [Reason:'Index:-1 Vals:171156 MxVals:262144 Type:4TVecI11THashKeyDatI4TIntN7TNGraph5TNodeEEiE'], file ../Snap-2.4/glib-core/ds.h, line 455
--------
--------
/home/rodrigo/Documentos/UFABC/Iniciação Científica/PIC - 01.2014/Kavosh/Kavosh/src/main.Err
Tue Aug 25 13:32:58 2015
Execution stopped: (0<=ValN)&&(ValN<Vals) [Reason:'Index:-1 Vals:171156 MxVals:262144 Type:4TVecI11THashKeyDatI4TIntN7TNGraph5TNodeEEiE'], file ../Snap-2.4/glib-core/ds.h, line 455
--------
--------
/home/rodrigo/Documentos/UFABC/Iniciação Científica/PIC - 01.2014/Kavosh/Kavosh/src/main.Err
Tue Aug 25 14:15:24 2015
Execution stopped: (0<=ValN)&&(ValN<Vals) [Reason:'Index:-1 Vals:24 MxVals:32 Type:4TVecI11THashKeyDatI4TIntN7TNGraph5TNodeEEiE'], file ../Snap-2.4/glib-core/ds.h, line 455
--------
--------
/home/rodrigo/Documentos/UFABC/Iniciação Científica/PIC - 01.2014/Kavosh/Kavosh/src/main.Err
Wed Aug 26 16:48:32 2015
Execution stopped: (0<=ValN)&&(ValN<Vals) [Reason:'Index:-1 Vals:153 MxVals:256 Type:4TVecI11THashKeyDatI4TIntN7TNGraph5TNodeEEiE'], file ../Snap-2.4/glib-core/ds.h, line 455
--------
--------
/home/rodrigo/Documentos/UFABC/Iniciação Científica/PIC - 01.2014/Kavosh/Kavosh/src/main.Err
Wed Aug 26 16:48:58 2015
Execution stopped: (0<=ValN)&&(ValN<Vals) [Reason:'Index:-1 Vals:109 MxVals:128 Type:4TVecI11THashKeyDatI4TIntN7TNGraph5TNodeEEiE'], file ../Snap-2.4/glib-core/ds.h, line 455
--------
--------
/home/rodrigo/Documentos/UFABC/Iniciação Científica/PIC - 01.2014/Kavosh/Kavosh/src/main.Err
Wed Aug 26 16:49:21 2015
Execution stopped: (0<=ValN)&&(ValN<Vals) [Reason:'Index:-1 Vals:65 MxVals:128 Type:4TVecI11THashKeyDatI4TIntN7TNGraph5TNodeEEiE'], file ../Snap-2.4/glib-core/ds.h, line 455
--------
--------
/home/rodrigo/Documentos/UFABC/Iniciação Científica/PIC - 01.2014/Kavosh/Kavosh/src/main.Err
Wed Aug 26 16:49:47 2015
Execution stopped: (0<=ValN)&&(ValN<Vals) [Reason:'Index:-1 Vals:7 MxVals:16 Type:4TVecI11THashKeyDatI4TIntN7TNGraph5TNodeEEiE'], file ../Snap-2.4/glib-core/ds.h, line 455
--------
--------
/home/rodrigo/Documentos/UFABC/Iniciação Científica/PIC - 01.2014/Kavosh/Kavosh/src/main.Err
Wed Aug 26 17:23:23 2015
Execution stopped: (0<=ValN)&&(ValN<Vals) [Reason:'Index:-1 Vals:6 MxVals:16 Type:4TVecI11THashKeyDatI4TIntN7TNGraph5TNodeEEiE'], file ../Snap-2.4/glib-core/ds.h, line 455
--------
--------
/home/rodrigo/Documentos/UFABC/Iniciação Científica/PIC - 01.2014/Kavosh/Kavosh/src/main.Err
Wed Aug 26 17:23:29 2015
Execution stopped: (0<=ValN)&&(ValN<Vals) [Reason:'Index:-1 Vals:6 MxVals:16 Type:4TVecI11THashKeyDatI4TIntN7TNGraph5TNodeEEiE'], file ../Snap-2.4/glib-core/ds.h, line 455
--------
--------
/home/rodrigo/Documentos/UFABC/Iniciação Científica/PIC - 01.2014/Kavosh/Kavosh/src/main.Err
Fri Aug 28 10:40:16 2015
Execution stopped: (0<=ValN)&&(ValN<Vals) [Reason:'Index:-1 Vals:52675 MxVals:65536 Type:4TVecI11THashKeyDatI4TIntN7TNGraph5TNodeEEiE'], file ../Snap-2.4/glib-core/ds.h, line 455
--------
--------
/home/rodrigo/Documentos/UFABC/Iniciação Científica/PIBIC - 01.2015/Software/Kavosh/src/main.Err
Sun Nov  8 20:25:01 2015
Execution stopped: KeyId!=-1, file ../glib-core/hash.h, line 370
--------
--------
/home/rodrigo/Documentos/UFABC/Iniciação Científica/PIBIC - 01.2015/Software/Kavosh/src/main.Err
Sun Nov  8 20:25:14 2015
Execution stopped: KeyId!=-1, file ../glib-core/hash.h, line 370
--------
--------
/home/rodrigo/Documentos/UFABC/Iniciação Científica/PIBIC - 01.2015/Software/Kavosh/src/main.Err
Sun Nov  8 20:25:25 2015
Execution stopped: KeyId!=-1, file ../glib-core/hash.h, line 370
--------
--------
/home/rodrigo/Documentos/UFABC/Iniciação Científica/PIBIC - 01.2015/Software/Kavosh/src/main.Err
Sun Nov  8 20:29:24 2015
Execution stopped: KeyId!=-1, file ../glib-core/hash.h, line 370
--------
--------
/home/rodrigo/Documentos/UFABC/Iniciação Científica/PIBIC - 01.2015/Software/Kavosh/src/main.Err
Sun Nov  8 20:36:50 2015
Execution stopped: KeyId!=-1, file ../glib-core/hash.h, line 370
--------
--------
/home/rodrigo/Documentos/UFABC/Iniciação Científica/PIBIC - 01.2015/Software/Kavosh/src/main.Err
Sun Nov  8 20:41:43 2015
Execution stopped: KeyId!=-1, file ../glib-core/hash.h, line 370
--------
--------
/home/rodrigo/Documentos/UFABC/Iniciação Científica/PIBIC - 01.2015/Software/Kavosh/src/main.Err
Sun Nov  8 20:42:50 2015
Execution stopped: KeyId!=-1, file ../glib-core/hash.h, line 370
--------
--------
/home/rodrigo/Documentos/UFABC/Iniciação Científica/PIBIC - 01.2015/Software/Kavosh/src/main.Err
Sun Nov  8 23:52:56 2015
Execution stopped: (0<=ValN)&&(ValN<Vals) [Reason:'Index:-1 Vals:1987 MxVals:2048 Type:4TVecI11THashKeyDatI4TIntN7TNGraph5TNodeEEiE'], file ../Snap-2.4/glib-core/ds.h, line 455
--------
--------
/home/rodrigo/Documentos/UFABC/Iniciação Científica/PIBIC - 01.2015/Software/Kavosh/src/main.Err
Sun Nov 15 18:44:09 2015
Execution stopped: (0<=ValN)&&(ValN<Vals) [Reason:'Index:-1 Vals:2561 MxVals:4096 Type:4TVecI11THashKeyDatI4TIntN7TNGraph5TNodeEEiE'], file ../Snap-2.4/glib-core/ds.h, line 455
--------
--------
/home/rodrigo/Documentos/UFABC/Iniciação Científica/PIBIC - 01.2015/Software/Kavosh/src/main.Err
Tue Nov 24 15:47:01 2015
Execution stopped: (0<=ValN)&&(ValN<Vals) [Reason:'Index:-1 Vals:8203 MxVals:16384 Type:4TVecI11THashKeyDatI4TIntN7TNGraph5TNodeEEiE'], file ../Snap-2.4/glib-core/ds.h, line 455
--------
--------
/home/rodrigo/Documentos/UFABC/Iniciação Científica/PIBIC - 01.2015/Software/Kavosh/src/main.Err
Thu Jan 28 19:16:24 2016
Execution stopped: (0<=ValN)&&(ValN<Vals) [Reason:'Index:-1 Vals:2561 MxVals:4096 Type:4TVecI11THashKeyDatI4TIntN7TNGraph5TNodeEEiE'], file ../Snap-2.4/glib-core/ds.h, line 455
--------
--------
/home/rodrigo/Documentos/UFABC/Iniciação Científica/PIBIC - 01.2015/Software/Kavosh/src/main.Err
Thu Jan 28 19:21:01 2016
Execution stopped: (0<=ValN)&&(ValN<Vals) [Reason:'Index:-1 Vals:2567 MxVals:4096 Type:4TVecI11THashKeyDatI4TIntN7TNGraph5TNodeEEiE'], file ../Snap-2.4/glib-core/ds.h, line 455
--------
--------
/home/rodrigo/Documentos/UFABC/Iniciação Científica/PIBIC - 01.2015/Software/Kavosh/src/main.Err
Thu Jan 28 19:21:45 2016
Execution stopped: (0<=ValN)&&(ValN<Vals) [Reason:'Index:-1 Vals:2561 MxVals:4096 Type:4TVecI11THashKeyDatI4TIntN7TNGraph5TNodeEEiE'], file ../Snap-2.4/glib-core/ds.h, line 455
--------
--------
/home/rodrigo/Documentos/UFABC/Iniciação Científica/PIBIC - 01.2015/Software/Kavosh/src/main.Err
Thu Jan 28 20:22:33 2016
Execution stopped: (0<=ValN)&&(ValN<Vals) [Reason:'Index:-1 Vals:1987 MxVals:1987 Type:4TVecI11THashKeyDatI4TIntN7TNGraph5TNodeEEiE'], file ../Snap-2.4/glib-core/ds.h, line 455
--------
--------
/home/rodrigo/Documentos/UFABC/Iniciação Científica/PIBIC - 01.2015/Software/Kavosh/src/main.Err
Thu Jan 28 20:48:30 2016
Execution stopped: (0<=ValN)&&(ValN<Vals) [Reason:'Index:-1 Vals:2561 MxVals:4096 Type:4TVecI11THashKeyDatI4TIntN7TNGraph5TNodeEEiE'], file ../Snap-2.4/glib-core/ds.h, line 455
--------
--------
/home/rodrigo/Documentos/UFABC/Iniciação Científica/PIBIC - 01.2015/Software/Kavosh/src/main.Err
Mon Feb  1 21:20:51 2016
Execution stopped: (0<=ValN)&&(ValN<Vals) [Reason:'Index:-1 Vals:1987 MxVals:1987 Type:4TVecI11THashKeyDatI4TIntN7TNGraph5TNodeEEiE'], file ../Snap-2.4/glib-core/ds.h, line 455
--------
--------
/home/rodrigo/Documentos/UFABC/Iniciação Científica/PIBIC - 01.2015/Software/Kavosh/src/main.Err
Mon Feb  1 21:21:09 2016
Execution stopped: (0<=ValN)&&(ValN<Vals) [Reason:'Index:-1 Vals:1987 MxVals:1987 Type:4TVecI11THashKeyDatI4TIntN7TNGraph5TNodeEEiE'], file ../Snap-2.4/glib-core/ds.h, line 455
--------
--------
/home/rodrigo/Documentos/UFABC/Iniciação Científica/PIBIC - 01.2015/Software/Kavosh/src/main.Err
Mon Feb  1 21:22:09 2016
Execution stopped: (0<=ValN)&&(ValN<Vals) [Reason:'Index:-1 Vals:1987 MxVals:1987 Type:4TVecI11THashKeyDatI4TIntN7TNGraph5TNodeEEiE'], file ../Snap-2.4/glib-core/ds.h, line 455
--------
--------
/home/rodrigo/Documentos/UFABC/Iniciação Científica/PIBIC - 01.2015/Software/Kavosh/src/main.Err
Mon Feb  1 21:22:30 2016
Execution stopped: (0<=ValN)&&(ValN<Vals) [Reason:'Index:-1 Vals:1992 MxVals:1992 Type:4TVecI11THashKeyDatI4TIntN7TNGraph5TNodeEEiE'], file ../Snap-2.4/glib-core/ds.h, line 455
--------
--------
/home/rodrigo/Documentos/UFABC/Iniciação Científica/PIBIC - 01.2015/Software/Kavosh/src/main.Err
Mon Feb  1 21:22:39 2016
Execution stopped: (0<=ValN)&&(ValN<Vals) [Reason:'Index:-1 Vals:1992 MxVals:1992 Type:4TVecI11THashKeyDatI4TIntN7TNGraph5TNodeEEiE'], file ../Snap-2.4/glib-core/ds.h, line 455
--------
--------
/home/rodrigo/Documentos/UFABC/Iniciação Científica/PIBIC - 01.2015/Software/Kavosh/src/main.Err
Mon Feb  1 21:26:09 2016
Execution stopped: (0<=ValN)&&(ValN<Vals) [Reason:'Index:-1 Vals:1992 MxVals:1992 Type:4TVecI11THashKeyDatI4TIntN7TNGraph5TNodeEEiE'], file ../Snap-2.4/glib-core/ds.h, line 455
--------
--------
/home/rodrigo/Documentos/UFABC/Iniciação Científica/PIBIC - 01.2015/Software/Kavosh/src/main.Err
Mon Feb  1 21:29:32 2016
Execution stopped: (0<=ValN)&&(ValN<Vals) [Reason:'Index:-1 Vals:1992 MxVals:1992 Type:4TVecI11THashKeyDatI4TIntN7TNGraph5TNodeEEiE'], file ../Snap-2.4/glib-core/ds.h, line 455
--------
--------
/home/rodrigo/Documentos/UFABC/Iniciação Científica/PIBIC - 01.2015/Software/Kavosh/src/main.Err
Mon Feb  1 21:44:48 2016
Execution stopped: (0<=ValN)&&(ValN<Vals) [Reason:'Index:-1 Vals:1992 MxVals:1992 Type:4TVecI11THashKeyDatI4TIntN7TNGraph5TNodeEEiE'], file ../Snap-2.4/glib-core/ds.h, line 455
--------
--------
/home/rodrigo/Documentos/UFABC/Iniciação Científica/PIBIC - 01.2015/Software/Kavosh/src/main.Err
Mon Feb  1 21:46:03 2016
Execution stopped: (0<=ValN)&&(ValN<Vals) [Reason:'Index:-1 Vals:1992 MxVals:1992 Type:4TVecI11THashKeyDatI4TIntN7TNGraph5TNodeEEiE'], file ../Snap-2.4/glib-core/ds.h, line 455
--------
--------
/home/rodrigo/Documentos/UFABC/Iniciação Científica/PIBIC - 01.2015/Software/Kavosh/src/main.Err
Sat Jul  9 12:36:24 2016
Execution stopped: !IsNode(NId) [Reason:'NodeId 1 already exists'], file graph.cpp, line 212
--------
--------
/home/rodrigo/Documentos/UFABC/Iniciação Científica/PIBIC - 01.2015/Software/Kavosh/src/main.Err
Sat Jul  9 12:37:25 2016
Execution stopped: !IsNode(NId) [Reason:'NodeId 1 already exists'], file graph.cpp, line 212
--------
--------
/home/rodrigo/Documentos/UFABC/Iniciação Científica/PIBIC - 01.2015/Software/Kavosh/src/main.Err
Sat Jul  9 12:37:51 2016
Execution stopped: !IsNode(NId) [Reason:'NodeId 1 already exists'], file graph.cpp, line 212
--------
--------
/home/rodrigo/Documentos/UFABC/Iniciação Científica/PIBIC - 01.2015/Software/Kavosh/src/main.Err
Sat Jul  9 12:47:52 2016
Execution stopped: !IsNode(NId) [Reason:'NodeId 1 already exists'], file graph.cpp, line 212
--------
--------
/home/rodrigo/Documentos/UFABC/Iniciação Científica/PIBIC - 01.2015/Software/Kavosh/src/main.Err
Sat Jul  9 12:48:35 2016
Execution stopped: !IsNode(NId) [Reason:'NodeId 1 already exists'], file graph.cpp, line 212
--------
--------
/home/rodrigo/Documentos/UFABC/Iniciação Científica/PIBIC - 01.2015/Software/Kavosh/src/main.Err
Sat Jul  9 13:19:57 2016
Execution stopped: !IsNode(NId) [Reason:'NodeId 1 already exists'], file graph.cpp, line 212
--------
--------
/home/rodrigo/Documentos/UFABC/Iniciação Científica/PIBIC - 01.2015/Software/Kavosh/src/main.Err
Sat Jul  9 13:20:47 2016
Execution stopped: !IsNode(NId) [Reason:'NodeId 1 already exists'], file graph.cpp, line 212
--------
--------
/home/rodrigo/Documentos/UFABC/Iniciação Científica/PIBIC - 01.2015/Software/Kavosh/src/main.Err
Sat Jul  9 13:26:24 2016
Execution stopped: !IsNode(NId) [Reason:'NodeId 1 already exists'], file graph.cpp, line 212
--------
